[ 2022-10-22 16:38:29 ]	[DataParser].[parse] [8]ms
[ 2022-10-22 16:38:29 ]	[BillStorage].[csvFileLoad] [71]ms
[ 2022-10-22 16:38:32 ]	[BillStorage].[findWaterBillByUsage] [6]ms
[ 2022-10-22 16:38:32 ]	[WaterUsageBillService].[calculateBill] [7]ms
[ 2022-10-22 16:38:32 ]	[ResultReport].[report] [20]ms
[ 2022-10-22 16:39:00 ]	[BillStorage].[findWaterBillByUsage] [1]ms
[ 2022-10-22 16:39:00 ]	[WaterUsageBillService].[calculateBill] [3]ms
[ 2022-10-22 16:39:00 ]	[ResultReport].[report] [0]ms
[ 2022-10-22 17:22:35 ]	[DataParser].[parse] [10]ms
[ 2022-10-22 17:22:36 ]	[DataParser].[parse] [0]ms
[ 2022-10-22 17:24:31 ]	[DataParser].[parse] [2]ms
[ 2022-10-22 17:24:32 ]	[DataParser].[parse] [0]ms
[ 2022-10-22 17:56:07 ]	[DataParser].[parse] [4]ms
[ 2022-10-22 17:56:07 ]	[BillStorage].[csvFileLoad] [43]ms
[ 2022-10-22 17:56:08 ]	[BillStorage].[findWaterBillByUsage] [2]ms
[ 2022-10-22 17:56:08 ]	[DataParser].[parse] [0]ms
[ 2022-10-22 17:56:08 ]	[BillStorage].[csvFileLoad] [2]ms
[ 2022-10-22 17:58:46 ]	[DataParser].[parse] [2]ms
[ 2022-10-22 17:58:46 ]	[BillStorage].[csvFileLoad] [63]ms
[ 2022-10-22 17:58:46 ]	[BillStorage].[findWaterBillByUsage] [2]ms
[ 2022-10-22 17:58:46 ]	[DataParser].[parse] [0]ms
[ 2022-10-22 17:58:46 ]	[BillStorage].[csvFileLoad] [2]ms
[ 2022-10-22 17:59:39 ]	[DataParser].[parse] [3]ms
[ 2022-10-22 17:59:39 ]	[BillStorage].[csvFileLoad] [58]ms
[ 2022-10-22 17:59:39 ]	[BillStorage].[findWaterBillByUsage] [2]ms
[ 2022-10-22 17:59:39 ]	[DataParser].[parse] [0]ms
[ 2022-10-22 17:59:39 ]	[BillStorage].[csvFileLoad] [1]ms
[ 2022-10-23 19:03:44 ]	[DataParser].[parse] [12]ms
[ 2022-10-23 19:03:44 ]	[BillStorage].[csvFileLoad] [74]ms
[ 2022-10-23 19:03:48 ]	[BillStorage].[findWaterBillByUsage] [1]ms
[ 2022-10-23 19:03:48 ]	[WaterUsageBillService].[calculateBill] [2]ms
[ 2022-10-23 19:03:48 ]	[ResultReport].[report] [48]ms
[ 2022-10-23 19:08:02 ]	[DataParser].[parse] [10]ms
[ 2022-10-23 19:08:02 ]	[BillStorage].[csvFileLoad] [84]ms
[ 2022-10-23 19:08:05 ]	[BillStorage].[findWaterBillByUsage] [1]ms
[ 2022-10-23 19:08:05 ]	[WaterUsageBillService].[calculateBill] [2]ms
[ 2022-10-23 19:08:05 ]	[ResultReport].[report] [29]ms
[ 2022-10-23 19:09:05 ]	[DataParser].[parse] [12]ms
[ 2022-10-23 19:09:05 ]	[BillStorage].[csvFileLoad] [80]ms
[ 2022-10-23 19:12:17 ]	[DataParser].[parse] [10]ms
[ 2022-10-23 19:12:17 ]	[BillStorage].[csvFileLoad] [128]ms
[ 2022-10-23 19:13:20 ]	[DataParser].[parse] [10]ms
[ 2022-10-23 19:13:20 ]	[BillStorage].[csvFileLoad] [120]ms
[ 2022-10-23 19:13:24 ]	[BillStorage].[findWaterBillByUsage] [1]ms
[ 2022-10-23 19:13:24 ]	[WaterUsageBillService].[calculateBill] [2]ms
[ 2022-10-23 19:13:24 ]	[ResultReport].[report] [21]ms
[ 2022-10-23 19:13:39 ]	[BillStorage].[findWaterBillByUsage] [0]ms
[ 2022-10-23 19:13:39 ]	[WaterUsageBillService].[calculateBill] [1]ms
[ 2022-10-23 19:13:39 ]	[ResultReport].[report] [0]ms
[ 2022-10-23 19:13:41 ]	[BillStorage].[findWaterBillByUsage] [1]ms
[ 2022-10-23 19:13:41 ]	[WaterUsageBillService].[calculateBill] [2]ms
[ 2022-10-23 19:13:41 ]	[ResultReport].[report] [0]ms
[ 2022-10-23 19:13:43 ]	[BillStorage].[findWaterBillByUsage] [0]ms
[ 2022-10-23 19:13:43 ]	[WaterUsageBillService].[calculateBill] [1]ms
[ 2022-10-23 19:13:43 ]	[ResultReport].[report] [0]ms
[ 2022-10-23 19:16:04 ]	[DataParser].[parse] [5]ms
[ 2022-10-23 19:16:04 ]	[DataParser].[parse] [0]ms
[ 2022-10-23 19:20:04 ]	[DataParser].[parse] [5]ms
[ 2022-10-23 19:20:04 ]	[BillStorage].[csvFileLoad] [97]ms
[ 2022-10-23 19:20:04 ]	[BillStorage].[findWaterBillByUsage] [0]ms
[ 2022-10-23 19:20:05 ]	[BillStorage].[findWaterBillByUsage] [0]ms
[ 2022-10-23 19:20:05 ]	[DataParser].[parse] [1]ms
[ 2022-10-23 19:20:05 ]	[BillStorage].[csvFileLoad] [10]ms
[ 2022-10-23 19:28:39 ]	[DataParser].[parse] [4]ms
[ 2022-10-23 19:28:39 ]	[BillStorage].[csvFileLoad] [72]ms
[ 2022-10-23 19:28:39 ]	[BillStorage].[findWaterBillByUsage] [0]ms
[ 2022-10-23 19:28:39 ]	[BillStorage].[findWaterBillByUsage] [0]ms
[ 2022-10-23 19:28:39 ]	[DataParser].[parse] [0]ms
[ 2022-10-23 19:28:39 ]	[BillStorage].[csvFileLoad] [2]ms
[ 2022-10-23 19:31:32 ]	[DataParser].[parse] [4]ms
[ 2022-10-23 19:31:32 ]	[DataParser].[parse] [1]ms
[ 2022-10-23 19:31:45 ]	[DataParser].[parse] [4]ms
[ 2022-10-23 19:31:45 ]	[DataParser].[parse] [1]ms
[ 2022-10-23 19:31:57 ]	[DataParser].[parse] [6]ms
[ 2022-10-23 19:31:57 ]	[BillStorage].[csvFileLoad] [106]ms
[ 2022-10-23 19:31:57 ]	[BillStorage].[findWaterBillByUsage] [0]ms
[ 2022-10-23 19:31:57 ]	[BillStorage].[findWaterBillByUsage] [0]ms
[ 2022-10-23 19:31:57 ]	[DataParser].[parse] [4]ms
[ 2022-10-23 19:31:57 ]	[BillStorage].[csvFileLoad] [8]ms
[ 2022-10-23 19:32:10 ]	[DataParser].[parse] [4]ms
[ 2022-10-23 19:32:10 ]	[BillStorage].[csvFileLoad] [64]ms
[ 2022-10-23 19:32:10 ]	[BillStorage].[findWaterBillByUsage] [0]ms
[ 2022-10-23 19:32:10 ]	[BillStorage].[findWaterBillByUsage] [0]ms
[ 2022-10-23 19:32:10 ]	[DataParser].[parse] [1]ms
[ 2022-10-23 19:32:10 ]	[BillStorage].[csvFileLoad] [4]ms
[ 2022-10-23 19:42:58 ]	[DataParser].[parse] [1]ms
[ 2022-10-23 19:42:58 ]	[BillStorage].[csvFileLoad] [42]ms
[ 2022-10-23 19:50:22 ]	[DataParser].[parse] [4]ms
[ 2022-10-23 19:50:22 ]	[BillStorage].[csvFileLoad] [55]ms
[ 2022-10-23 19:50:22 ]	[BillStorage].[findWaterBillByUsage] [0]ms
[ 2022-10-23 19:50:22 ]	[BillStorage].[findWaterBillByUsage] [12]ms
[ 2022-10-23 19:50:22 ]	[BillStorage].[findWaterBillByUsage] [0]ms
[ 2022-10-23 19:50:23 ]	[BillStorage].[findWaterBillByUsage] [0]ms
[ 2022-10-23 19:50:23 ]	[DataParser].[parse] [2]ms
[ 2022-10-23 19:50:23 ]	[BillStorage].[csvFileLoad] [22]ms
[ 2022-10-23 19:51:10 ]	[DataParser].[parse] [5]ms
[ 2022-10-23 19:51:10 ]	[BillStorage].[csvFileLoad] [58]ms
[ 2022-10-23 19:51:10 ]	[BillStorage].[findWaterBillByUsage] [0]ms
[ 2022-10-23 19:51:10 ]	[BillStorage].[findWaterBillByUsage] [0]ms
[ 2022-10-23 19:51:10 ]	[BillStorage].[findWaterBillByUsage] [0]ms
[ 2022-10-23 19:51:10 ]	[BillStorage].[findWaterBillByUsage] [2]ms
[ 2022-10-23 19:51:10 ]	[DataParser].[parse] [1]ms
[ 2022-10-23 19:51:10 ]	[BillStorage].[csvFileLoad] [4]ms
[ 2022-10-23 19:51:37 ]	[BillStorage].[findWaterBillByUsage] [0]ms
[ 2022-10-23 19:51:37 ]	[WaterUsageBillService].[calculateBill] [39]ms
[ 2022-10-23 19:51:37 ]	[BillStorage].[findWaterBillByUsage] [0]ms
[ 2022-10-23 19:51:37 ]	[WaterUsageBillService].[calculateBill] [2]ms
[ 2022-10-23 19:51:37 ]	[BillStorage].[findWaterBillByUsage] [0]ms
[ 2022-10-23 19:51:37 ]	[WaterUsageBillService].[calculateBill] [2]ms
[ 2022-10-23 19:53:41 ]	[DataParser].[parse] [4]ms
[ 2022-10-23 19:53:41 ]	[BillStorage].[findWaterBillByUsage] [0]ms
[ 2022-10-23 19:53:41 ]	[WaterUsageBillService].[calculateBill] [3]ms
[ 2022-10-23 19:53:41 ]	[DataParser].[parse] [2]ms
[ 2022-10-23 19:53:41 ]	[BillStorage].[findWaterBillByUsage] [0]ms
[ 2022-10-23 19:53:41 ]	[WaterUsageBillService].[calculateBill] [1]ms
[ 2022-10-23 19:53:41 ]	[DataParser].[parse] [2]ms
[ 2022-10-23 19:53:41 ]	[BillStorage].[findWaterBillByUsage] [0]ms
[ 2022-10-23 19:53:41 ]	[WaterUsageBillService].[calculateBill] [1]ms
[ 2022-10-23 19:55:22 ]	[DataParser].[parse] [4]ms
[ 2022-10-23 19:55:22 ]	[BillStorage].[csvFileLoad] [50]ms
[ 2022-10-23 19:55:22 ]	[BillStorage].[findWaterBillByUsage] [0]ms
[ 2022-10-23 19:55:22 ]	[WaterUsageBillService].[calculateBill] [3]ms
[ 2022-10-23 19:55:22 ]	[DataParser].[parse] [3]ms
[ 2022-10-23 19:55:22 ]	[BillStorage].[csvFileLoad] [6]ms
[ 2022-10-23 19:55:22 ]	[BillStorage].[findWaterBillByUsage] [0]ms
[ 2022-10-23 19:55:22 ]	[WaterUsageBillService].[calculateBill] [1]ms
[ 2022-10-23 19:55:22 ]	[DataParser].[parse] [2]ms
[ 2022-10-23 19:55:22 ]	[BillStorage].[csvFileLoad] [3]ms
[ 2022-10-23 19:55:22 ]	[BillStorage].[findWaterBillByUsage] [0]ms
[ 2022-10-23 19:55:22 ]	[WaterUsageBillService].[calculateBill] [2]ms
[ 2022-10-23 19:58:49 ]	[DataParser].[parse] [4]ms
[ 2022-10-23 19:58:49 ]	[BillStorage].[csvFileLoad] [97]ms
[ 2022-10-23 19:58:49 ]	[BillStorage].[findWaterBillByUsage] [0]ms
[ 2022-10-23 19:58:49 ]	[WaterUsageBillService].[calculateBill] [4]ms
[ 2022-10-23 19:58:49 ]	[DataParser].[parse] [2]ms
[ 2022-10-23 19:58:49 ]	[BillStorage].[csvFileLoad] [4]ms
[ 2022-10-23 19:58:49 ]	[BillStorage].[findWaterBillByUsage] [0]ms
[ 2022-10-23 19:58:49 ]	[WaterUsageBillService].[calculateBill] [2]ms
[ 2022-10-23 19:58:49 ]	[DataParser].[parse] [1]ms
[ 2022-10-23 19:58:49 ]	[BillStorage].[csvFileLoad] [3]ms
[ 2022-10-23 19:58:49 ]	[BillStorage].[findWaterBillByUsage] [0]ms
[ 2022-10-23 19:58:49 ]	[WaterUsageBillService].[calculateBill] [1]ms
[ 2022-10-23 20:09:38 ]	[DataParser].[parse] [6]ms
[ 2022-10-23 20:09:39 ]	[BillStorage].[csvFileLoad] [61]ms
[ 2022-10-23 20:09:39 ]	[BillStorage].[findWaterBillByUsage] [0]ms
[ 2022-10-23 20:09:39 ]	[WaterUsageBillService].[calculateBill] [3]ms
[ 2022-10-23 20:09:39 ]	[ResultReport].[report] [29]ms
[ 2022-10-23 20:10:40 ]	[DataParser].[parse] [9]ms
[ 2022-10-23 20:10:40 ]	[BillStorage].[csvFileLoad] [72]ms
[ 2022-10-23 20:10:42 ]	[BillStorage].[findWaterBillByUsage] [1]ms
[ 2022-10-23 20:10:42 ]	[WaterUsageBillService].[calculateBill] [3]ms
[ 2022-10-23 20:10:42 ]	[ResultReport].[report] [25]ms
[ 2022-10-23 20:12:07 ]	[DataParser].[parse] [27]ms
[ 2022-10-23 20:12:07 ]	[BillStorage].[csvFileLoad] [102]ms
[ 2022-10-23 20:12:18 ]	[BillStorage].[findWaterBillByUsage] [1]ms
[ 2022-10-23 20:12:18 ]	[WaterUsageBillService].[calculateBill] [3]ms
[ 2022-10-23 20:12:18 ]	[ResultReport].[report] [31]ms
[ 2022-10-23 20:12:21 ]	[BillStorage].[findWaterBillByUsage] [1]ms
[ 2022-10-23 20:12:21 ]	[WaterUsageBillService].[calculateBill] [2]ms
[ 2022-10-23 20:12:21 ]	[ResultReport].[report] [0]ms
[ 2022-10-23 20:12:42 ]	[DataParser].[parse] [33]ms
[ 2022-10-23 20:12:42 ]	[BillStorage].[csvFileLoad] [88]ms
[ 2022-10-23 20:13:01 ]	[DataParser].[parse] [16]ms
[ 2022-10-23 20:13:02 ]	[DataParser].[parse] [3]ms
[ 2022-10-23 20:13:34 ]	[DataParser].[parse] [6]ms
[ 2022-10-23 20:13:34 ]	[BillStorage].[csvFileLoad] [64]ms
[ 2022-10-23 20:13:34 ]	[BillStorage].[findWaterBillByUsage] [0]ms
[ 2022-10-23 20:13:34 ]	[WaterUsageBillService].[calculateBill] [2]ms
[ 2022-10-23 20:13:34 ]	[DataParser].[parse] [3]ms
[ 2022-10-23 20:13:34 ]	[BillStorage].[csvFileLoad] [8]ms
[ 2022-10-23 20:13:34 ]	[BillStorage].[findWaterBillByUsage] [0]ms
[ 2022-10-23 20:13:34 ]	[WaterUsageBillService].[calculateBill] [3]ms
[ 2022-10-23 20:13:35 ]	[DataParser].[parse] [2]ms
[ 2022-10-23 20:13:35 ]	[BillStorage].[csvFileLoad] [3]ms
[ 2022-10-23 20:13:35 ]	[BillStorage].[findWaterBillByUsage] [0]ms
[ 2022-10-23 20:13:35 ]	[WaterUsageBillService].[calculateBill] [1]ms
[ 2022-10-23 20:14:12 ]	[DataParser].[parse] [3]ms
[ 2022-10-23 20:14:12 ]	[BillStorage].[csvFileLoad] [58]ms
[ 2022-10-23 20:14:12 ]	[BillStorage].[findWaterBillByUsage] [0]ms
[ 2022-10-23 20:14:12 ]	[WaterUsageBillService].[calculateBill] [5]ms
[ 2022-10-23 20:14:12 ]	[ResultReport].[report] [37]ms
[ 2022-10-23 20:14:22 ]	[DataParser].[parse] [4]ms
[ 2022-10-23 20:14:22 ]	[BillStorage].[csvFileLoad] [56]ms
[ 2022-10-23 20:14:22 ]	[BillStorage].[findWaterBillByUsage] [0]ms
[ 2022-10-23 20:14:22 ]	[WaterUsageBillService].[calculateBill] [2]ms
[ 2022-10-23 20:14:22 ]	[ResultReport].[report] [29]ms
[ 2022-10-23 20:15:58 ]	[DataParser].[parse] [4]ms
[ 2022-10-23 20:15:58 ]	[BillStorage].[csvFileLoad] [52]ms
[ 2022-10-23 20:15:58 ]	[BillStorage].[findWaterBillByUsage] [0]ms
[ 2022-10-23 20:15:58 ]	[WaterUsageBillService].[calculateBill] [3]ms
[ 2022-10-23 20:15:58 ]	[DataParser].[parse] [3]ms
[ 2022-10-23 20:15:58 ]	[BillStorage].[csvFileLoad] [5]ms
[ 2022-10-23 20:15:58 ]	[BillStorage].[findWaterBillByUsage] [0]ms
[ 2022-10-23 20:15:58 ]	[WaterUsageBillService].[calculateBill] [3]ms
[ 2022-10-23 20:15:58 ]	[DataParser].[parse] [6]ms
[ 2022-10-23 20:15:59 ]	[BillStorage].[csvFileLoad] [9]ms
[ 2022-10-23 20:15:59 ]	[BillStorage].[findWaterBillByUsage] [0]ms
[ 2022-10-23 20:15:59 ]	[WaterUsageBillService].[calculateBill] [1]ms
[ 2022-10-23 20:16:08 ]	[DataParser].[parse] [4]ms
[ 2022-10-23 20:16:08 ]	[BillStorage].[csvFileLoad] [59]ms
[ 2022-10-23 20:16:08 ]	[BillStorage].[findWaterBillByUsage] [0]ms
[ 2022-10-23 20:16:08 ]	[WaterUsageBillService].[calculateBill] [3]ms
[ 2022-10-23 20:16:08 ]	[DataParser].[parse] [1]ms
[ 2022-10-23 20:16:08 ]	[BillStorage].[csvFileLoad] [4]ms
[ 2022-10-23 20:16:08 ]	[BillStorage].[findWaterBillByUsage] [0]ms
[ 2022-10-23 20:16:08 ]	[WaterUsageBillService].[calculateBill] [2]ms
[ 2022-10-23 20:16:08 ]	[DataParser].[parse] [2]ms
[ 2022-10-23 20:16:08 ]	[BillStorage].[csvFileLoad] [6]ms
[ 2022-10-23 20:16:08 ]	[BillStorage].[findWaterBillByUsage] [0]ms
[ 2022-10-23 20:16:08 ]	[WaterUsageBillService].[calculateBill] [1]ms
[ 2022-10-23 20:16:54 ]	[DataParser].[parse] [5]ms
[ 2022-10-23 20:16:54 ]	[BillStorage].[csvFileLoad] [81]ms
[ 2022-10-23 20:16:54 ]	[BillStorage].[findWaterBillByUsage] [0]ms
[ 2022-10-23 20:16:54 ]	[BillStorage].[findWaterBillByUsage] [0]ms
[ 2022-10-23 20:16:54 ]	[BillStorage].[findWaterBillByUsage] [0]ms
[ 2022-10-23 20:16:54 ]	[BillStorage].[findWaterBillByUsage] [0]ms
[ 2022-10-23 20:16:54 ]	[DataParser].[parse] [1]ms
[ 2022-10-23 20:16:54 ]	[BillStorage].[csvFileLoad] [2]ms
[ 2022-10-23 22:10:05 ]	[DataParser].[parse] [686]ms
[ 2022-10-23 22:10:05 ]	[BillStorage].[csvFileLoad] [725]ms
[ 2022-10-23 22:10:08 ]	[BillStorage].[findWaterBillByUsage] [0]ms
[ 2022-10-23 22:10:08 ]	[WaterUsageBillService].[calculateBill] [3]ms
[ 2022-10-23 22:10:08 ]	[ResultReport].[report] [33]ms
[ 2022-10-23 22:10:12 ]	[BillStorage].[findWaterBillByUsage] [0]ms
[ 2022-10-23 22:10:12 ]	[WaterUsageBillService].[calculateBill] [1]ms
[ 2022-10-23 22:10:12 ]	[ResultReport].[report] [0]ms
[ 2022-10-23 22:19:12 ]	[DataParser].[parse] [5]ms
[ 2022-10-23 22:19:12 ]	[BillStorage].[csvFileLoad] [61]ms
[ 2022-10-23 22:20:47 ]	[BillStorage].[csvFileLoad] [1]ms
[ 2022-10-23 22:23:14 ]	[DataParser].[parse] [642]ms
[ 2022-10-23 22:23:14 ]	[BillStorage].[csvFileLoad] [687]ms
[ 2022-10-23 22:23:18 ]	[BillStorage].[findWaterBillByUsage] [0]ms
[ 2022-10-23 22:23:18 ]	[WaterUsageBillService].[calculateBill] [4]ms
[ 2022-10-23 22:23:18 ]	[ResultReport].[report] [25]ms
[ 2022-10-23 22:27:20 ]	[DataParser].[parse] [647]ms
[ 2022-10-23 22:27:20 ]	[BillStorage].[jsonFileLoad] [688]ms
[ 2022-10-23 22:27:24 ]	[BillStorage].[findWaterBillByUsage] [0]ms
[ 2022-10-23 22:27:24 ]	[WaterUsageBillService].[calculateBill] [3]ms
[ 2022-10-23 22:27:24 ]	[ResultReport].[report] [28]ms
[ 2022-10-23 22:27:43 ]	[BillStorage].[findWaterBillByUsage] [0]ms
[ 2022-10-23 22:27:43 ]	[WaterUsageBillService].[calculateBill] [2]ms
[ 2022-10-23 22:27:43 ]	[ResultReport].[report] [1]ms
[ 2022-10-23 22:27:44 ]	[BillStorage].[findWaterBillByUsage] [0]ms
[ 2022-10-23 22:27:44 ]	[WaterUsageBillService].[calculateBill] [2]ms
[ 2022-10-23 22:27:44 ]	[ResultReport].[report] [0]ms
